2019-04-11 15:17:31,086 INFO o.a.j.u.JMeterUtils: Setting Locale to en_EN
2019-04-11 15:17:31,119 INFO o.a.j.JMeter: Loading user properties from: /Users/wangdongyang/Downloads/apache-jmeter-5.1.1/bin/user.properties
2019-04-11 15:17:31,119 INFO o.a.j.JMeter: Loading system properties from: /Users/wangdongyang/Downloads/apache-jmeter-5.1.1/bin/system.properties
2019-04-11 15:17:31,126 INFO o.a.j.JMeter: Copyright (c) 1998-2019 The Apache Software Foundation
2019-04-11 15:17:31,126 INFO o.a.j.JMeter: Version 5.1.1 r1855137
2019-04-11 15:17:31,126 INFO o.a.j.JMeter: java.version=12
2019-04-11 15:17:31,126 INFO o.a.j.JMeter: java.vm.name=Java HotSpot(TM) 64-Bit Server VM
2019-04-11 15:17:31,127 INFO o.a.j.JMeter: os.name=Mac OS X
2019-04-11 15:17:31,127 INFO o.a.j.JMeter: os.arch=x86_64
2019-04-11 15:17:31,127 INFO o.a.j.JMeter: os.version=10.13.6
2019-04-11 15:17:31,127 INFO o.a.j.JMeter: file.encoding=UTF-8
2019-04-11 15:17:31,127 INFO o.a.j.JMeter: java.awt.headless=null
2019-04-11 15:17:31,127 INFO o.a.j.JMeter: Max memory     =1073741824
2019-04-11 15:17:31,127 INFO o.a.j.JMeter: Available Processors =8
2019-04-11 15:17:31,141 INFO o.a.j.JMeter: Default Locale=English (EN)
2019-04-11 15:17:31,142 INFO o.a.j.JMeter: JMeter  Locale=English (EN)
2019-04-11 15:17:31,142 INFO o.a.j.JMeter: JMeterHome=/Users/wangdongyang/Downloads/apache-jmeter-5.1.1
2019-04-11 15:17:31,142 INFO o.a.j.JMeter: user.dir  =/Users/wangdongyang/Downloads/apache-jmeter-5.1.1
2019-04-11 15:17:31,142 INFO o.a.j.JMeter: PWD       =/Users/wangdongyang/Downloads/apache-jmeter-5.1.1
2019-04-11 15:17:34,190 INFO o.a.j.JMeter: IP: 192.168.12.138 Name: wangdongyangdeMacBook-Pro.local FullName: 192.168.12.138
2019-04-11 15:17:36,070 INFO o.a.j.g.a.LookAndFeelCommand: Installing Darcula LAF
2019-04-11 15:17:36,080 INFO o.a.j.g.a.LookAndFeelCommand: Using look and feel: com.bulenkov.darcula.DarculaLaf [Darcula]
2019-04-11 15:17:36,080 INFO o.a.j.JMeter: Setting LAF to: com.bulenkov.darcula.DarculaLaf
2019-04-11 15:17:36,198 INFO o.a.j.JMeter: Loaded icon properties from org/apache/jmeter/images/icon.properties
2019-04-11 15:17:37,860 INFO o.a.j.p.h.s.HTTPSamplerBase: Parser for text/html is org.apache.jmeter.protocol.http.parser.LagartoBasedHtmlParser
2019-04-11 15:17:37,862 INFO o.a.j.p.h.s.HTTPSamplerBase: Parser for application/xhtml+xml is org.apache.jmeter.protocol.http.parser.LagartoBasedHtmlParser
2019-04-11 15:17:37,862 INFO o.a.j.p.h.s.HTTPSamplerBase: Parser for application/xml is org.apache.jmeter.protocol.http.parser.LagartoBasedHtmlParser
2019-04-11 15:17:37,863 INFO o.a.j.p.h.s.HTTPSamplerBase: Parser for text/xml is org.apache.jmeter.protocol.http.parser.LagartoBasedHtmlParser
2019-04-11 15:17:37,863 INFO o.a.j.p.h.s.HTTPSamplerBase: Parser for text/vnd.wap.wml is org.apache.jmeter.protocol.http.parser.RegexpHTMLParser
2019-04-11 15:17:37,863 INFO o.a.j.p.h.s.HTTPSamplerBase: Parser for text/css is org.apache.jmeter.protocol.http.parser.CssParser
2019-04-11 15:17:38,241 INFO o.a.j.e.KeyToolUtils: keytool found at 'keytool'
2019-04-11 15:17:38,241 INFO o.a.j.p.h.p.ProxyControl: HTTP(S) Test Script Recorder SSL Proxy will use keys that support embedded 3rd party resources in file /Users/wangdongyang/Downloads/apache-jmeter-5.1.1/bin/proxyserver.jks
2019-04-11 15:17:38,373 INFO o.a.j.s.FileServer: Default base='/Users/wangdongyang/Downloads/apache-jmeter-5.1.1'
2019-04-11 15:17:38,678 INFO o.a.j.s.SampleResult: Note: Sample TimeStamps are START times
2019-04-11 15:17:38,679 INFO o.a.j.s.SampleResult: sampleresult.default.encoding is set to ISO-8859-1
2019-04-11 15:17:38,679 INFO o.a.j.s.SampleResult: sampleresult.useNanoTime=true
2019-04-11 15:17:38,679 INFO o.a.j.s.SampleResult: sampleresult.nanoThreadSleep=5000
2019-04-11 15:17:38,697 INFO o.a.j.v.ViewResultsFullVisualizer: Add JavaFX to your Java installation if you want to use renderer: org.apache.jmeter.visualizers.RenderInBrowser
